13:50:29 **** Incremental Build of configuration Release for project External_interrupts ****
make all 
Building file: ../main.c
Invoking: AVR Compiler
avr-gcc -Wall -Os -fpack-struct -fshort-enums -ffunction-sections -fdata-sections -std=gnu99 -funsigned-char -funsigned-bitfields -mmcu=atmega32 -DF_CPU=8000000UL -MMD -MP -MF"main.d" -MT"main.d" -c -o "main.o" "../main.c"
Finished building: ../main.c
 
Building target: External_interrupts.elf
Invoking: AVR C Linker
avr-gcc -Wl,-Map,External_interrupts.map -mmcu=atmega32 -o "External_interrupts.elf"  ./External_interrupts/External_interrupts.o  ./main.o   
Finished building target: External_interrupts.elf
 
Invoking: AVR Create Extended Listing
avr-objdump -h -S External_interrupts.elf  >"External_interrupts.lss"
Finished building: External_interrupts.lss
 
Create Flash image (ihex format)
avr-objcopy -R .eeprom -R .fuse -R .lock -R .signature -O ihex External_interrupts.elf  "External_interrupts.hex"
Finished building: External_interrupts.hex
 
Create eeprom image (ihex format)
avr-objcopy -j .eeprom --no-change-warnings --change-section-lma .eeprom=0 -O ihex External_interrupts.elf  "External_interrupts.eep"
Finished building: External_interrupts.eep
 
Invoking: Print Size
avr-size --format=avr --mcu=atmega32 External_interrupts.elf
AVR Memory Usage
----------------
Device: atmega32

Program:     470 bytes (1.4% Full)
(.text + .data + .bootloader)

Data:          0 bytes (0.0% Full)
(.data + .bss + .noinit)


Finished building: sizedummy
 

13:50:30 Build Finished (took 873ms)

