02:02:06 **** Incremental Build of configuration Release for project GPIO_Keypad ****
make all 
Building file: ../lcd/lcd_alphanumeric_16x2.c
Invoking: AVR Compiler
avr-gcc -Wall -Os -fpack-struct -fshort-enums -ffunction-sections -fdata-sections -std=gnu99 -funsigned-char -funsigned-bitfields -mmcu=atmega32 -DF_CPU=8000000UL -MMD -MP -MF"lcd/lcd_alphanumeric_16x2.d" -MT"lcd/lcd_alphanumeric_16x2.d" -c -o "lcd/lcd_alphanumeric_16x2.o" "../lcd/lcd_alphanumeric_16x2.c"
../lcd/lcd_alphanumeric_16x2.c: In function 'lcd_alphnumeric_16x2_flush':
../lcd/lcd_alphanumeric_16x2.c:388: warning: pointer targets in initialization differ in signedness
../lcd/lcd_alphanumeric_16x2.c:390: warning: pointer targets in passing argument 2 of 'lcd_alphnumeric_16x2_send_string' differ in signedness
Finished building: ../lcd/lcd_alphanumeric_16x2.c
 
Building file: ../Monitor/Monitor.c
Invoking: AVR Compiler
avr-gcc -Wall -Os -fpack-struct -fshort-enums -ffunction-sections -fdata-sections -std=gnu99 -funsigned-char -funsigned-bitfields -mmcu=atmega32 -DF_CPU=8000000UL -MMD -MP -MF"Monitor/Monitor.d" -MT"Monitor/Monitor.d" -c -o "Monitor/Monitor.o" "../Monitor/Monitor.c"
Finished building: ../Monitor/Monitor.c
 
Building file: ../main.c
Invoking: AVR Compiler
avr-gcc -Wall -Os -fpack-struct -fshort-enums -ffunction-sections -fdata-sections -std=gnu99 -funsigned-char -funsigned-bitfields -mmcu=atmega32 -DF_CPU=8000000UL -MMD -MP -MF"main.d" -MT"main.d" -c -o "main.o" "../main.c"
In file included from ../Monitor/Monitor.h:12,
                 from ../main.c:8:
../Monitor/../lcd/lcd_alphanumeric_16x2.h:40: error: expected '=', ',', ';', 'asm' or '__attribute__' before '*' token
make: *** [main.o] Error 1
02:02:54 **** Incremental Build of configuration Release for project GPIO_Keypad ****
make all 
Building file: ../lcd/lcd_alphanumeric_16x2.c
Invoking: AVR Compiler
avr-gcc -Wall -Os -fpack-struct -fshort-enums -ffunction-sections -fdata-sections -std=gnu99 -funsigned-char -funsigned-bitfields -mmcu=atmega32 -DF_CPU=8000000UL -MMD -MP -MF"lcd/lcd_alphanumeric_16x2.d" -MT"lcd/lcd_alphanumeric_16x2.d" -c -o "lcd/lcd_alphanumeric_16x2.o" "../lcd/lcd_alphanumeric_16x2.c"
In file included from ../lcd/lcd_alphanumeric_16x2.c:9:
../lcd/lcd_alphanumeric_16x2.h:45: error: expected '=', ',', ';', 'asm' or '__attribute__' before 'typedef'
../lcd/lcd_alphanumeric_16x2.h:60: error: expected specifier-qualifier-list before 'REGISTER'
../lcd/lcd_alphanumeric_16x2.h:126: error: expected declaration specifiers or '...' before 'REGISTER'
../lcd/lcd_alphanumeric_16x2.h:126: error: expected declaration specifiers or '...' before 'REGISTER'
../lcd/lcd_alphanumeric_16x2.h:127: error: expected declaration specifiers or '...' before 'REGISTER'
../lcd/lcd_alphanumeric_16x2.h:127: error: expected declaration specifiers or '...' before 'REGISTER'
../lcd/lcd_alphanumeric_16x2.c:22: error: expected declaration specifiers or '...' before 'REGISTER'
../lcd/lcd_alphanumeric_16x2.c:22: error: expected declaration specifiers or '...' before 'REGISTER'
../lcd/lcd_alphanumeric_16x2.c:23: error: expected declaration specifiers or '...' before 'REGISTER'
../lcd/lcd_alphanumeric_16x2.c:23: error: expected declaration specifiers or '...' before 'REGISTER'
../lcd/lcd_alphanumeric_16x2.c: In function 'lcd_alphnumeric_16x2_cfg':
../lcd/lcd_alphanumeric_16x2.c:28: error: 'DATA' has no member named 'DDR'
../lcd/lcd_alphanumeric_16x2.c:28: error: 'data_ddr' undeclared (first use in this function)
../lcd/lcd_alphanumeric_16x2.c:28: error: (Each undeclared identifier is reported only once
../lcd/lcd_alphanumeric_16x2.c:28: error: for each function it appears in.)
../lcd/lcd_alphanumeric_16x2.c:29: error: 'DATA' has no member named 'PRT'
../lcd/lcd_alphanumeric_16x2.c:29: error: 'data_port' undeclared (first use in this function)
../lcd/lcd_alphanumeric_16x2.c:31: error: 'DATA' has no member named 'pins'
../lcd/lcd_alphanumeric_16x2.c:35: error: 'CONTROL' has no member named 'DDR'
../lcd/lcd_alphanumeric_16x2.c:35: error: 'control_ddr' undeclared (first use in this function)
../lcd/lcd_alphanumeric_16x2.c:36: error: 'CONTROL' has no member named 'PRT'
../lcd/lcd_alphanumeric_16x2.c:36: error: 'control_port' undeclared (first use in this function)
../lcd/lcd_alphanumeric_16x2.c:37: error: 'CONTROL' has no member named 'RS'
../lcd/lcd_alphanumeric_16x2.c:38: error: 'CONTROL' has no member named 'EN'
../lcd/lcd_alphanumeric_16x2.c: In function 'lcd_alphnumeric_16x2_init':
../lcd/lcd_alphanumeric_16x2.c:55: error: 'DATA' has no member named 'DDR'
../lcd/lcd_alphanumeric_16x2.c:55: error: 'DATA' has no member named 'pins'
../lcd/lcd_alphanumeric_16x2.c:55: error: 'DATA' has no member named 'pins'
../lcd/lcd_alphanumeric_16x2.c:55: error: 'DATA' has no member named 'pins'
../lcd/lcd_alphanumeric_16x2.c:55: error: 'DATA' has no member named 'pins'
../lcd/lcd_alphanumeric_16x2.c:57: error: 'DATA' has no member named 'PRT'
../lcd/lcd_alphanumeric_16x2.c:57: error: 'DATA' has no member named 'pins'
../lcd/lcd_alphanumeric_16x2.c:57: error: 'DATA' has no member named 'pins'
../lcd/lcd_alphanumeric_16x2.c:57: error: 'DATA' has no member named 'pins'
../lcd/lcd_alphanumeric_16x2.c:57: error: 'DATA' has no member named 'pins'
../lcd/lcd_alphanumeric_16x2.c:61: error: 'CONTROL' has no member named 'DDR'
../lcd/lcd_alphanumeric_16x2.c:61: error: 'CONTROL' has no member named 'RS'
../lcd/lcd_alphanumeric_16x2.c:61: error: 'CONTROL' has no member named 'EN'
../lcd/lcd_alphanumeric_16x2.c:63: error: 'CONTROL' has no member named 'PRT'
../lcd/lcd_alphanumeric_16x2.c:63: error: 'CONTROL' has no member named 'RS'
../lcd/lcd_alphanumeric_16x2.c:63: error: 'CONTROL' has no member named 'EN'
../lcd/lcd_alphanumeric_16x2.c: In function 'lcd_alphnumeric_16x2_send_CMD':
../lcd/lcd_alphanumeric_16x2.c:109: error: 'DATA' has no member named 'PRT'
../lcd/lcd_alphanumeric_16x2.c:109: error: 'DATA' has no member named 'pins'
../lcd/lcd_alphanumeric_16x2.c:112: error: 'DATA' has no member named 'PRT'
../lcd/lcd_alphanumeric_16x2.c:112: error: 'DATA' has no member named 'pins'
../lcd/lcd_alphanumeric_16x2.c:121: error: 'CONTROL' has no member named 'PRT'
../lcd/lcd_alphanumeric_16x2.c:121: error: 'CONTROL' has no member named 'RS'
../lcd/lcd_alphanumeric_16x2.c:124: error: 'CONTROL' has no member named 'PRT'
../lcd/lcd_alphanumeric_16x2.c:124: error: 'CONTROL' has no member named 'EN'
../lcd/lcd_alphanumeric_16x2.c:126: error: 'CONTROL' has no member named 'PRT'
../lcd/lcd_alphanumeric_16x2.c:126: error: 'CONTROL' has no member named 'EN'
../lcd/lcd_alphanumeric_16x2.c:135: error: 'DATA' has no member named 'PRT'
../lcd/lcd_alphanumeric_16x2.c:135: error: 'DATA' has no member named 'pins'
../lcd/lcd_alphanumeric_16x2.c:138: error: 'DATA' has no member named 'PRT'
../lcd/lcd_alphanumeric_16x2.c:138: error: 'DATA' has no member named 'pins'
../lcd/lcd_alphanumeric_16x2.c:147: error: 'CONTROL' has no member named 'PRT'
../lcd/lcd_alphanumeric_16x2.c:147: error: 'CONTROL' has no member named 'EN'
../lcd/lcd_alphanumeric_16x2.c:149: error: 'CONTROL' has no member named 'PRT'
../lcd/lcd_alphanumeric_16x2.c:149: error: 'CONTROL' has no member named 'EN'
../lcd/lcd_alphanumeric_16x2.c: In function 'lcd_alphnumeric_16x2_send_char':
../lcd/lcd_alphanumeric_16x2.c:174: error: 'DATA' has no member named 'PRT'
../lcd/lcd_alphanumeric_16x2.c:174: error: 'DATA' has no member named 'pins'
../lcd/lcd_alphanumeric_16x2.c:177: error: 'DATA' has no member named 'PRT'
../lcd/lcd_alphanumeric_16x2.c:177: error: 'DATA' has no member named 'pins'
../lcd/lcd_alphanumeric_16x2.c:186: error: 'CONTROL' has no member named 'PRT'
../lcd/lcd_alphanumeric_16x2.c:186: error: 'CONTROL' has no member named 'RS'
../lcd/lcd_alphanumeric_16x2.c:189: error: 'CONTROL' has no member named 'PRT'
../lcd/lcd_alphanumeric_16x2.c:189: error: 'CONTROL' has no member named 'EN'
../lcd/lcd_alphanumeric_16x2.c:191: error: 'CONTROL' has no member named 'PRT'
../lcd/lcd_alphanumeric_16x2.c:191: error: 'CONTROL' has no member named 'EN'
../lcd/lcd_alphanumeric_16x2.c:200: error: 'DATA' has no member named 'PRT'
../lcd/lcd_alphanumeric_16x2.c:200: error: 'DATA' has no member named 'pins'
../lcd/lcd_alphanumeric_16x2.c:203: error: 'DATA' has no member named 'PRT'
../lcd/lcd_alphanumeric_16x2.c:203: error: 'DATA' has no member named 'pins'
../lcd/lcd_alphanumeric_16x2.c:212: error: 'CONTROL' has no member named 'PRT'
../lcd/lcd_alphanumeric_16x2.c:212: error: 'CONTROL' has no member named 'EN'
../lcd/lcd_alphanumeric_16x2.c:214: error: 'CONTROL' has no member named 'PRT'
../lcd/lcd_alphanumeric_16x2.c:214: error: 'CONTROL' has no member named 'EN'
../lcd/lcd_alphanumeric_16x2.c: In function 'lcd_alphnumeric_16x2_flush':
../lcd/lcd_alphanumeric_16x2.c:388: warning: pointer targets in initialization differ in signedness
../lcd/lcd_alphanumeric_16x2.c:390: warning: pointer targets in passing argument 2 of 'lcd_alphnumeric_16x2_send_string' differ in signedness
make: *** [lcd/lcd_alphanumeric_16x2.o] Error 1
02:03:11 **** Incremental Build of configuration Release for project GPIO_Keypad ****
make all 
Building file: ../lcd/lcd_alphanumeric_16x2.c
Invoking: AVR Compiler
avr-gcc -Wall -Os -fpack-struct -fshort-enums -ffunction-sections -fdata-sections -std=gnu99 -funsigned-char -funsigned-bitfields -mmcu=atmega32 -DF_CPU=8000000UL -MMD -MP -MF"lcd/lcd_alphanumeric_16x2.d" -MT"lcd/lcd_alphanumeric_16x2.d" -c -o "lcd/lcd_alphanumeric_16x2.o" "../lcd/lcd_alphanumeric_16x2.c"
../lcd/lcd_alphanumeric_16x2.c: In function 'lcd_alphnumeric_16x2_flush':
../lcd/lcd_alphanumeric_16x2.c:388: warning: pointer targets in initialization differ in signedness
../lcd/lcd_alphanumeric_16x2.c:390: warning: pointer targets in passing argument 2 of 'lcd_alphnumeric_16x2_send_string' differ in signedness
Finished building: ../lcd/lcd_alphanumeric_16x2.c
 
Building file: ../Monitor/Monitor.c
Invoking: AVR Compiler
avr-gcc -Wall -Os -fpack-struct -fshort-enums -ffunction-sections -fdata-sections -std=gnu99 -funsigned-char -funsigned-bitfields -mmcu=atmega32 -DF_CPU=8000000UL -MMD -MP -MF"Monitor/Monitor.d" -MT"Monitor/Monitor.d" -c -o "Monitor/Monitor.o" "../Monitor/Monitor.c"
Finished building: ../Monitor/Monitor.c
 
Building file: ../main.c
Invoking: AVR Compiler
avr-gcc -Wall -Os -fpack-struct -fshort-enums -ffunction-sections -fdata-sections -std=gnu99 -funsigned-char -funsigned-bitfields -mmcu=atmega32 -DF_CPU=8000000UL -MMD -MP -MF"main.d" -MT"main.d" -c -o "main.o" "../main.c"
In file included from ../Monitor/Monitor.h:12,
                 from ../main.c:8:
../Monitor/../lcd/lcd_alphanumeric_16x2.h:40: error: expected '=', ',', ';', 'asm' or '__attribute__' before '*' token
make: *** [main.o] Error 1
02:05:38 **** Incremental Build of configuration Release for project GPIO_Keypad ****
make all 
Building file: ../lcd/lcd_alphanumeric_16x2.c
Invoking: AVR Compiler
avr-gcc -Wall -Os -fpack-struct -fshort-enums -ffunction-sections -fdata-sections -std=gnu99 -funsigned-char -funsigned-bitfields -mmcu=atmega32 -DF_CPU=8000000UL -MMD -MP -MF"lcd/lcd_alphanumeric_16x2.d" -MT"lcd/lcd_alphanumeric_16x2.d" -c -o "lcd/lcd_alphanumeric_16x2.o" "../lcd/lcd_alphanumeric_16x2.c"
In file included from ../lcd/lcd_alphanumeric_16x2.c:9:
../lcd/lcd_alphanumeric_16x2.h:40: error: expected identifier or '(' before 'volatile'
../lcd/lcd_alphanumeric_16x2.h:47: error: expected specifier-qualifier-list before 'REGISTER'
../lcd/lcd_alphanumeric_16x2.h:60: error: expected specifier-qualifier-list before 'REGISTER'
../lcd/lcd_alphanumeric_16x2.h:126: error: expected declaration specifiers or '...' before 'REGISTER'
../lcd/lcd_alphanumeric_16x2.h:126: error: expected declaration specifiers or '...' before 'REGISTER'
../lcd/lcd_alphanumeric_16x2.h:127: error: expected declaration specifiers or '...' before 'REGISTER'
../lcd/lcd_alphanumeric_16x2.h:127: error: expected declaration specifiers or '...' before 'REGISTER'
../lcd/lcd_alphanumeric_16x2.c:22: error: expected declaration specifiers or '...' before 'REGISTER'
../lcd/lcd_alphanumeric_16x2.c:22: error: expected declaration specifiers or '...' before 'REGISTER'
../lcd/lcd_alphanumeric_16x2.c:23: error: expected declaration specifiers or '...' before 'REGISTER'
../lcd/lcd_alphanumeric_16x2.c:23: error: expected declaration specifiers or '...' before 'REGISTER'
../lcd/lcd_alphanumeric_16x2.c: In function 'lcd_alphnumeric_16x2_cfg':
../lcd/lcd_alphanumeric_16x2.c:28: error: 'DATA' has no member named 'DDR'
../lcd/lcd_alphanumeric_16x2.c:28: error: 'data_ddr' undeclared (first use in this function)
../lcd/lcd_alphanumeric_16x2.c:28: error: (Each undeclared identifier is reported only once
../lcd/lcd_alphanumeric_16x2.c:28: error: for each function it appears in.)
../lcd/lcd_alphanumeric_16x2.c:29: error: 'DATA' has no member named 'PRT'
../lcd/lcd_alphanumeric_16x2.c:29: error: 'data_port' undeclared (first use in this function)
../lcd/lcd_alphanumeric_16x2.c:31: error: 'DATA' has no member named 'pins'
../lcd/lcd_alphanumeric_16x2.c:35: error: 'CONTROL' has no member named 'DDR'
../lcd/lcd_alphanumeric_16x2.c:35: error: 'control_ddr' undeclared (first use in this function)
../lcd/lcd_alphanumeric_16x2.c:36: error: 'CONTROL' has no member named 'PRT'
../lcd/lcd_alphanumeric_16x2.c:36: error: 'control_port' undeclared (first use in this function)
../lcd/lcd_alphanumeric_16x2.c:37: error: 'CONTROL' has no member named 'RS'
../lcd/lcd_alphanumeric_16x2.c:38: error: 'CONTROL' has no member named 'EN'
../lcd/lcd_alphanumeric_16x2.c: In function 'lcd_alphnumeric_16x2_init':
../lcd/lcd_alphanumeric_16x2.c:55: error: 'DATA' has no member named 'DDR'
../lcd/lcd_alphanumeric_16x2.c:55: error: 'DATA' has no member named 'pins'
../lcd/lcd_alphanumeric_16x2.c:55: error: 'DATA' has no member named 'pins'
../lcd/lcd_alphanumeric_16x2.c:55: error: 'DATA' has no member named 'pins'
../lcd/lcd_alphanumeric_16x2.c:55: error: 'DATA' has no member named 'pins'
../lcd/lcd_alphanumeric_16x2.c:57: error: 'DATA' has no member named 'PRT'
../lcd/lcd_alphanumeric_16x2.c:57: error: 'DATA' has no member named 'pins'
../lcd/lcd_alphanumeric_16x2.c:57: error: 'DATA' has no member named 'pins'
../lcd/lcd_alphanumeric_16x2.c:57: error: 'DATA' has no member named 'pins'
../lcd/lcd_alphanumeric_16x2.c:57: error: 'DATA' has no member named 'pins'
../lcd/lcd_alphanumeric_16x2.c:61: error: 'CONTROL' has no member named 'DDR'
../lcd/lcd_alphanumeric_16x2.c:61: error: 'CONTROL' has no member named 'RS'
../lcd/lcd_alphanumeric_16x2.c:61: error: 'CONTROL' has no member named 'EN'
../lcd/lcd_alphanumeric_16x2.c:63: error: 'CONTROL' has no member named 'PRT'
../lcd/lcd_alphanumeric_16x2.c:63: error: 'CONTROL' has no member named 'RS'
../lcd/lcd_alphanumeric_16x2.c:63: error: 'CONTROL' has no member named 'EN'
../lcd/lcd_alphanumeric_16x2.c: In function 'lcd_alphnumeric_16x2_send_CMD':
../lcd/lcd_alphanumeric_16x2.c:109: error: 'DATA' has no member named 'PRT'
../lcd/lcd_alphanumeric_16x2.c:109: error: 'DATA' has no member named 'pins'
../lcd/lcd_alphanumeric_16x2.c:112: error: 'DATA' has no member named 'PRT'
../lcd/lcd_alphanumeric_16x2.c:112: error: 'DATA' has no member named 'pins'
../lcd/lcd_alphanumeric_16x2.c:121: error: 'CONTROL' has no member named 'PRT'
../lcd/lcd_alphanumeric_16x2.c:121: error: 'CONTROL' has no member named 'RS'
../lcd/lcd_alphanumeric_16x2.c:124: error: 'CONTROL' has no member named 'PRT'
../lcd/lcd_alphanumeric_16x2.c:124: error: 'CONTROL' has no member named 'EN'
../lcd/lcd_alphanumeric_16x2.c:126: error: 'CONTROL' has no member named 'PRT'
../lcd/lcd_alphanumeric_16x2.c:126: error: 'CONTROL' has no member named 'EN'
../lcd/lcd_alphanumeric_16x2.c:135: error: 'DATA' has no member named 'PRT'
../lcd/lcd_alphanumeric_16x2.c:135: error: 'DATA' has no member named 'pins'
../lcd/lcd_alphanumeric_16x2.c:138: error: 'DATA' has no member named 'PRT'
../lcd/lcd_alphanumeric_16x2.c:138: error: 'DATA' has no member named 'pins'
../lcd/lcd_alphanumeric_16x2.c:147: error: 'CONTROL' has no member named 'PRT'
../lcd/lcd_alphanumeric_16x2.c:147: error: 'CONTROL' has no member named 'EN'
../lcd/lcd_alphanumeric_16x2.c:149: error: 'CONTROL' has no member named 'PRT'
../lcd/lcd_alphanumeric_16x2.c:149: error: 'CONTROL' has no member named 'EN'
../lcd/lcd_alphanumeric_16x2.c: In function 'lcd_alphnumeric_16x2_send_char':
../lcd/lcd_alphanumeric_16x2.c:174: error: 'DATA' has no member named 'PRT'
../lcd/lcd_alphanumeric_16x2.c:174: error: 'DATA' has no member named 'pins'
../lcd/lcd_alphanumeric_16x2.c:177: error: 'DATA' has no member named 'PRT'
../lcd/lcd_alphanumeric_16x2.c:177: error: 'DATA' has no member named 'pins'
../lcd/lcd_alphanumeric_16x2.c:186: error: 'CONTROL' has no member named 'PRT'
../lcd/lcd_alphanumeric_16x2.c:186: error: 'CONTROL' has no member named 'RS'
../lcd/lcd_alphanumeric_16x2.c:189: error: 'CONTROL' has no member named 'PRT'
../lcd/lcd_alphanumeric_16x2.c:189: error: 'CONTROL' has no member named 'EN'
../lcd/lcd_alphanumeric_16x2.c:191: error: 'CONTROL' has no member named 'PRT'
../lcd/lcd_alphanumeric_16x2.c:191: error: 'CONTROL' has no member named 'EN'
../lcd/lcd_alphanumeric_16x2.c:200: error: 'DATA' has no member named 'PRT'
../lcd/lcd_alphanumeric_16x2.c:200: error: 'DATA' has no member named 'pins'
../lcd/lcd_alphanumeric_16x2.c:203: error: 'DATA' has no member named 'PRT'
../lcd/lcd_alphanumeric_16x2.c:203: error: 'DATA' has no member named 'pins'
../lcd/lcd_alphanumeric_16x2.c:212: error: 'CONTROL' has no member named 'PRT'
../lcd/lcd_alphanumeric_16x2.c:212: error: 'CONTROL' has no member named 'EN'
../lcd/lcd_alphanumeric_16x2.c:214: error: 'CONTROL' has no member named 'PRT'
../lcd/lcd_alphanumeric_16x2.c:214: error: 'CONTROL' has no member named 'EN'
../lcd/lcd_alphanumeric_16x2.c: In function 'lcd_alphnumeric_16x2_flush':
../lcd/lcd_alphanumeric_16x2.c:388: warning: pointer targets in initialization differ in signedness
../lcd/lcd_alphanumeric_16x2.c:390: warning: pointer targets in passing argument 2 of 'lcd_alphnumeric_16x2_send_string' differ in signedness
make: *** [lcd/lcd_alphanumeric_16x2.o] Error 1
02:06:21 **** Incremental Build of configuration Release for project GPIO_Keypad ****
make all 
Building file: ../lcd/lcd_alphanumeric_16x2.c
Invoking: AVR Compiler
avr-gcc -Wall -Os -fpack-struct -fshort-enums -ffunction-sections -fdata-sections -std=gnu99 -funsigned-char -funsigned-bitfields -mmcu=atmega32 -DF_CPU=8000000UL -MMD -MP -MF"lcd/lcd_alphanumeric_16x2.d" -MT"lcd/lcd_alphanumeric_16x2.d" -c -o "lcd/lcd_alphanumeric_16x2.o" "../lcd/lcd_alphanumeric_16x2.c"
../lcd/lcd_alphanumeric_16x2.c: In function 'lcd_alphnumeric_16x2_flush':
../lcd/lcd_alphanumeric_16x2.c:388: warning: pointer targets in initialization differ in signedness
../lcd/lcd_alphanumeric_16x2.c:390: warning: pointer targets in passing argument 2 of 'lcd_alphnumeric_16x2_send_string' differ in signedness
Finished building: ../lcd/lcd_alphanumeric_16x2.c
 
Building file: ../Monitor/Monitor.c
Invoking: AVR Compiler
avr-gcc -Wall -Os -fpack-struct -fshort-enums -ffunction-sections -fdata-sections -std=gnu99 -funsigned-char -funsigned-bitfields -mmcu=atmega32 -DF_CPU=8000000UL -MMD -MP -MF"Monitor/Monitor.d" -MT"Monitor/Monitor.d" -c -o "Monitor/Monitor.o" "../Monitor/Monitor.c"
Finished building: ../Monitor/Monitor.c
 
Building file: ../main.c
Invoking: AVR Compiler
avr-gcc -Wall -Os -fpack-struct -fshort-enums -ffunction-sections -fdata-sections -std=gnu99 -funsigned-char -funsigned-bitfields -mmcu=atmega32 -DF_CPU=8000000UL -MMD -MP -MF"main.d" -MT"main.d" -c -o "main.o" "../main.c"
In file included from ../Monitor/Monitor.h:12,
                 from ../main.c:8:
../Monitor/../lcd/lcd_alphanumeric_16x2.h:40: error: expected '=', ',', ';', 'asm' or '__attribute__' before '*' token
make: *** [main.o] Error 1
02:08:06 **** Incremental Build of configuration Release for project GPIO_Keypad ****
make all 
Building file: ../lcd/lcd_alphanumeric_16x2.c
Invoking: AVR Compiler
avr-gcc -Wall -Os -fpack-struct -fshort-enums -ffunction-sections -fdata-sections -std=gnu99 -funsigned-char -funsigned-bitfields -mmcu=atmega32 -DF_CPU=8000000UL -MMD -MP -MF"lcd/lcd_alphanumeric_16x2.d" -MT"lcd/lcd_alphanumeric_16x2.d" -c -o "lcd/lcd_alphanumeric_16x2.o" "../lcd/lcd_alphanumeric_16x2.c"
../lcd/lcd_alphanumeric_16x2.c: In function 'lcd_alphnumeric_16x2_flush':
../lcd/lcd_alphanumeric_16x2.c:388: warning: pointer targets in initialization differ in signedness
../lcd/lcd_alphanumeric_16x2.c:390: warning: pointer targets in passing argument 2 of 'lcd_alphnumeric_16x2_send_string' differ in signedness
Finished building: ../lcd/lcd_alphanumeric_16x2.c
 
Building file: ../Monitor/Monitor.c
Invoking: AVR Compiler
avr-gcc -Wall -Os -fpack-struct -fshort-enums -ffunction-sections -fdata-sections -std=gnu99 -funsigned-char -funsigned-bitfields -mmcu=atmega32 -DF_CPU=8000000UL -MMD -MP -MF"Monitor/Monitor.d" -MT"Monitor/Monitor.d" -c -o "Monitor/Monitor.o" "../Monitor/Monitor.c"
Finished building: ../Monitor/Monitor.c
 
Building file: ../main.c
Invoking: AVR Compiler
avr-gcc -Wall -Os -fpack-struct -fshort-enums -ffunction-sections -fdata-sections -std=gnu99 -funsigned-char -funsigned-bitfields -mmcu=atmega32 -DF_CPU=8000000UL -MMD -MP -MF"main.d" -MT"main.d" -c -o "main.o" "../main.c"
Finished building: ../main.c
 
Building target: GPIO_Keypad.elf
Invoking: AVR C Linker
avr-gcc -Wl,-Map,GPIO_Keypad.map -mmcu=atmega32 -o "GPIO_Keypad.elf"  ./lcd/lcd_alphanumeric_16x2.o  ./keypad/keypad4x4.o  ./Monitor/Monitor.o  ./main.o   
Finished building target: GPIO_Keypad.elf
 
Invoking: AVR Create Extended Listing
avr-objdump -h -S GPIO_Keypad.elf  >"GPIO_Keypad.lss"
Finished building: GPIO_Keypad.lss
 
Create Flash image (ihex format)
avr-objcopy -R .eeprom -R .fuse -R .lock -R .signature -O ihex GPIO_Keypad.elf  "GPIO_Keypad.hex"
Finished building: GPIO_Keypad.hex
 
Create eeprom image (ihex format)
avr-objcopy -j .eeprom --no-change-warnings --change-section-lma .eeprom=0 -O ihex GPIO_Keypad.elf  "GPIO_Keypad.eep"
Finished building: GPIO_Keypad.eep
 
Invoking: Print Size
avr-size --format=avr --mcu=atmega32 GPIO_Keypad.elf
AVR Memory Usage
----------------
Device: atmega32

Program:    5054 bytes (15.4% Full)
(.text + .data + .bootloader)

Data:         28 bytes (1.4% Full)
(.data + .bss + .noinit)


Finished building: sizedummy
 
02:09:20 **** Incremental Build of configuration Release for project GPIO_Keypad ****
make all 
Building file: ../lcd/lcd_alphanumeric_16x2.c
Invoking: AVR Compiler
avr-gcc -Wall -Os -fpack-struct -fshort-enums -ffunction-sections -fdata-sections -std=gnu99 -funsigned-char -funsigned-bitfields -mmcu=atmega32 -DF_CPU=8000000UL -MMD -MP -MF"lcd/lcd_alphanumeric_16x2.d" -MT"lcd/lcd_alphanumeric_16x2.d" -c -o "lcd/lcd_alphanumeric_16x2.o" "../lcd/lcd_alphanumeric_16x2.c"
../lcd/lcd_alphanumeric_16x2.c: In function 'lcd_alphnumeric_16x2_flush':
../lcd/lcd_alphanumeric_16x2.c:388: warning: pointer targets in initialization differ in signedness
../lcd/lcd_alphanumeric_16x2.c:390: warning: pointer targets in passing argument 2 of 'lcd_alphnumeric_16x2_send_string' differ in signedness
Finished building: ../lcd/lcd_alphanumeric_16x2.c
 
Building file: ../Monitor/Monitor.c
Invoking: AVR Compiler
avr-gcc -Wall -Os -fpack-struct -fshort-enums -ffunction-sections -fdata-sections -std=gnu99 -funsigned-char -funsigned-bitfields -mmcu=atmega32 -DF_CPU=8000000UL -MMD -MP -MF"Monitor/Monitor.d" -MT"Monitor/Monitor.d" -c -o "Monitor/Monitor.o" "../Monitor/Monitor.c"
Finished building: ../Monitor/Monitor.c
 
Building file: ../main.c
Invoking: AVR Compiler
avr-gcc -Wall -Os -fpack-struct -fshort-enums -ffunction-sections -fdata-sections -std=gnu99 -funsigned-char -funsigned-bitfields -mmcu=atmega32 -DF_CPU=8000000UL -MMD -MP -MF"main.d" -MT"main.d" -c -o "main.o" "../main.c"
Finished building: ../main.c
 
Building target: GPIO_Keypad.elf
Invoking: AVR C Linker
avr-gcc -Wl,-Map,GPIO_Keypad.map -mmcu=atmega32 -o "GPIO_Keypad.elf"  ./lcd/lcd_alphanumeric_16x2.o  ./keypad/keypad4x4.o  ./Monitor/Monitor.o  ./main.o   
Finished building target: GPIO_Keypad.elf
 
Invoking: AVR Create Extended Listing
avr-objdump -h -S GPIO_Keypad.elf  >"GPIO_Keypad.lss"
Finished building: GPIO_Keypad.lss
 
Create Flash image (ihex format)
avr-objcopy -R .eeprom -R .fuse -R .lock -R .signature -O ihex GPIO_Keypad.elf  "GPIO_Keypad.hex"
Finished building: GPIO_Keypad.hex
 
Create eeprom image (ihex format)
avr-objcopy -j .eeprom --no-change-warnings --change-section-lma .eeprom=0 -O ihex GPIO_Keypad.elf  "GPIO_Keypad.eep"
Finished building: GPIO_Keypad.eep
 
Invoking: Print Size
avr-size --format=avr --mcu=atmega32 GPIO_Keypad.elf
AVR Memory Usage
----------------
Device: atmega32

Program:    5054 bytes (15.4% Full)
(.text + .data + .bootloader)

Data:         28 bytes (1.4% Full)
(.data + .bss + .noinit)


Finished building: sizedummy
 
02:09:27 **** Incremental Build of configuration Release for project GPIO_Keypad ****
make all 
Building file: ../main.c
Invoking: AVR Compiler
avr-gcc -Wall -Os -fpack-struct -fshort-enums -ffunction-sections -fdata-sections -std=gnu99 -funsigned-char -funsigned-bitfields -mmcu=atmega32 -DF_CPU=8000000UL -MMD -MP -MF"main.d" -MT"main.d" -c -o "main.o" "../main.c"
../main.c: In function 'main':
../main.c:32: warning: passing argument 2 of 'lcd.Print' makes pointer from integer without a cast
Finished building: ../main.c
 
Building target: GPIO_Keypad.elf
Invoking: AVR C Linker
avr-gcc -Wl,-Map,GPIO_Keypad.map -mmcu=atmega32 -o "GPIO_Keypad.elf"  ./lcd/lcd_alphanumeric_16x2.o  ./keypad/keypad4x4.o  ./Monitor/Monitor.o  ./main.o   
Finished building target: GPIO_Keypad.elf
 
Invoking: AVR Create Extended Listing
avr-objdump -h -S GPIO_Keypad.elf  >"GPIO_Keypad.lss"
Finished building: GPIO_Keypad.lss
 
Create Flash image (ihex format)
avr-objcopy -R .eeprom -R .fuse -R .lock -R .signature -O ihex GPIO_Keypad.elf  "GPIO_Keypad.hex"
Finished building: GPIO_Keypad.hex
 
Create eeprom image (ihex format)
avr-objcopy -j .eeprom --no-change-warnings --change-section-lma .eeprom=0 -O ihex GPIO_Keypad.elf  "GPIO_Keypad.eep"
Finished building: GPIO_Keypad.eep
 
Invoking: Print Size
avr-size --format=avr --mcu=atmega32 GPIO_Keypad.elf
AVR Memory Usage
----------------
Device: atmega32

Program:    5070 bytes (15.5% Full)
(.text + .data + .bootloader)

Data:         28 bytes (1.4% Full)
(.data + .bss + .noinit)


Finished building: sizedummy
 
02:10:34 **** Incremental Build of configuration Release for project GPIO_Keypad ****
make all 
Building file: ../main.c
Invoking: AVR Compiler
avr-gcc -Wall -Os -fpack-struct -fshort-enums -ffunction-sections -fdata-sections -std=gnu99 -funsigned-char -funsigned-bitfields -mmcu=atmega32 -DF_CPU=8000000UL -MMD -MP -MF"main.d" -MT"main.d" -c -o "main.o" "../main.c"
Finished building: ../main.c
 
Building target: GPIO_Keypad.elf
Invoking: AVR C Linker
avr-gcc -Wl,-Map,GPIO_Keypad.map -mmcu=atmega32 -o "GPIO_Keypad.elf"  ./lcd/lcd_alphanumeric_16x2.o  ./keypad/keypad4x4.o  ./Monitor/Monitor.o  ./main.o   
Finished building target: GPIO_Keypad.elf
 
Invoking: AVR Create Extended Listing
avr-objdump -h -S GPIO_Keypad.elf  >"GPIO_Keypad.lss"
Finished building: GPIO_Keypad.lss
 
Create Flash image (ihex format)
avr-objcopy -R .eeprom -R .fuse -R .lock -R .signature -O ihex GPIO_Keypad.elf  "GPIO_Keypad.hex"
Finished building: GPIO_Keypad.hex
 
Create eeprom image (ihex format)
avr-objcopy -j .eeprom --no-change-warnings --change-section-lma .eeprom=0 -O ihex GPIO_Keypad.elf  "GPIO_Keypad.eep"
Finished building: GPIO_Keypad.eep
 
Invoking: Print Size
avr-size --format=avr --mcu=atmega32 GPIO_Keypad.elf
AVR Memory Usage
----------------
Device: atmega32

Program:    5078 bytes (15.5% Full)
(.text + .data + .bootloader)

Data:         28 bytes (1.4% Full)
(.data + .bss + .noinit)


Finished building: sizedummy
 
02:16:52 **** Incremental Build of configuration Release for project GPIO_Keypad ****
make all 
Building file: ../main.c
Invoking: AVR Compiler
avr-gcc -Wall -Os -fpack-struct -fshort-enums -ffunction-sections -fdata-sections -std=gnu99 -funsigned-char -funsigned-bitfields -mmcu=atmega32 -DF_CPU=8000000UL -MMD -MP -MF"main.d" -MT"main.d" -c -o "main.o" "../main.c"
../main.c: In function 'main':
../main.c:33: warning: unused variable 'pressed_key'
Finished building: ../main.c
 
Building target: GPIO_Keypad.elf
Invoking: AVR C Linker
avr-gcc -Wl,-Map,GPIO_Keypad.map -mmcu=atmega32 -o "GPIO_Keypad.elf"  ./lcd/lcd_alphanumeric_16x2.o  ./keypad/keypad4x4.o  ./Monitor/Monitor.o  ./main.o   
Finished building target: GPIO_Keypad.elf
 
Invoking: AVR Create Extended Listing
avr-objdump -h -S GPIO_Keypad.elf  >"GPIO_Keypad.lss"
Finished building: GPIO_Keypad.lss
 
Create Flash image (ihex format)
avr-objcopy -R .eeprom -R .fuse -R .lock -R .signature -O ihex GPIO_Keypad.elf  "GPIO_Keypad.hex"
Finished building: GPIO_Keypad.hex
 
Create eeprom image (ihex format)
avr-objcopy -j .eeprom --no-change-warnings --change-section-lma .eeprom=0 -O ihex GPIO_Keypad.elf  "GPIO_Keypad.eep"
Finished building: GPIO_Keypad.eep
 
Invoking: Print Size
avr-size --format=avr --mcu=atmega32 GPIO_Keypad.elf
AVR Memory Usage
----------------
Device: atmega32

Program:    5100 bytes (15.6% Full)
(.text + .data + .bootloader)

Data:         28 bytes (1.4% Full)
(.data + .bss + .noinit)


Finished building: sizedummy
 
02:17:32 **** Incremental Build of configuration Release for project GPIO_Keypad ****
make all 
Building file: ../keypad/keypad4x4.c
Invoking: AVR Compiler
avr-gcc -Wall -Os -fpack-struct -fshort-enums -ffunction-sections -fdata-sections -std=gnu99 -funsigned-char -funsigned-bitfields -mmcu=atmega32 -DF_CPU=8000000UL -MMD -MP -MF"keypad/keypad4x4.d" -MT"keypad/keypad4x4.d" -c -o "keypad/keypad4x4.o" "../keypad/keypad4x4.c"
Finished building: ../keypad/keypad4x4.c
 
Building target: GPIO_Keypad.elf
Invoking: AVR C Linker
avr-gcc -Wl,-Map,GPIO_Keypad.map -mmcu=atmega32 -o "GPIO_Keypad.elf"  ./lcd/lcd_alphanumeric_16x2.o  ./keypad/keypad4x4.o  ./Monitor/Monitor.o  ./main.o   
Finished building target: GPIO_Keypad.elf
 
Invoking: AVR Create Extended Listing
avr-objdump -h -S GPIO_Keypad.elf  >"GPIO_Keypad.lss"
Finished building: GPIO_Keypad.lss
 
Create Flash image (ihex format)
avr-objcopy -R .eeprom -R .fuse -R .lock -R .signature -O ihex GPIO_Keypad.elf  "GPIO_Keypad.hex"
Finished building: GPIO_Keypad.hex
 
Create eeprom image (ihex format)
avr-objcopy -j .eeprom --no-change-warnings --change-section-lma .eeprom=0 -O ihex GPIO_Keypad.elf  "GPIO_Keypad.eep"
Finished building: GPIO_Keypad.eep
 
Invoking: Print Size
avr-size --format=avr --mcu=atmega32 GPIO_Keypad.elf
AVR Memory Usage
----------------
Device: atmega32

Program:    5100 bytes (15.6% Full)
(.text + .data + .bootloader)

Data:         28 bytes (1.4% Full)
(.data + .bss + .noinit)


Finished building: sizedummy
 
02:18:52 **** Incremental Build of configuration Release for project GPIO_Keypad ****
make all 
Building file: ../keypad/keypad4x4.c
Invoking: AVR Compiler
avr-gcc -Wall -Os -fpack-struct -fshort-enums -ffunction-sections -fdata-sections -std=gnu99 -funsigned-char -funsigned-bitfields -mmcu=atmega32 -DF_CPU=8000000UL -MMD -MP -MF"keypad/keypad4x4.d" -MT"keypad/keypad4x4.d" -c -o "keypad/keypad4x4.o" "../keypad/keypad4x4.c"
Finished building: ../keypad/keypad4x4.c
 
Building target: GPIO_Keypad.elf
Invoking: AVR C Linker
avr-gcc -Wl,-Map,GPIO_Keypad.map -mmcu=atmega32 -o "GPIO_Keypad.elf"  ./lcd/lcd_alphanumeric_16x2.o  ./keypad/keypad4x4.o  ./Monitor/Monitor.o  ./main.o   
Finished building target: GPIO_Keypad.elf
 
Invoking: AVR Create Extended Listing
avr-objdump -h -S GPIO_Keypad.elf  >"GPIO_Keypad.lss"
Finished building: GPIO_Keypad.lss
 
Create Flash image (ihex format)
avr-objcopy -R .eeprom -R .fuse -R .lock -R .signature -O ihex GPIO_Keypad.elf  "GPIO_Keypad.hex"
Finished building: GPIO_Keypad.hex
 
Create eeprom image (ihex format)
avr-objcopy -j .eeprom --no-change-warnings --change-section-lma .eeprom=0 -O ihex GPIO_Keypad.elf  "GPIO_Keypad.eep"
Finished building: GPIO_Keypad.eep
 
Invoking: Print Size
avr-size --format=avr --mcu=atmega32 GPIO_Keypad.elf
AVR Memory Usage
----------------
Device: atmega32

Program:    5120 bytes (15.6% Full)
(.text + .data + .bootloader)

Data:         28 bytes (1.4% Full)
(.data + .bss + .noinit)


Finished building: sizedummy
 
02:19:41 **** Incremental Build of configuration Release for project GPIO_Keypad ****
make all 
Building file: ../keypad/keypad4x4.c
Invoking: AVR Compiler
avr-gcc -Wall -Os -fpack-struct -fshort-enums -ffunction-sections -fdata-sections -std=gnu99 -funsigned-char -funsigned-bitfields -mmcu=atmega32 -DF_CPU=8000000UL -MMD -MP -MF"keypad/keypad4x4.d" -MT"keypad/keypad4x4.d" -c -o "keypad/keypad4x4.o" "../keypad/keypad4x4.c"
Finished building: ../keypad/keypad4x4.c
 
Building file: ../main.c
Invoking: AVR Compiler
avr-gcc -Wall -Os -fpack-struct -fshort-enums -ffunction-sections -fdata-sections -std=gnu99 -funsigned-char -funsigned-bitfields -mmcu=atmega32 -DF_CPU=8000000UL -MMD -MP -MF"main.d" -MT"main.d" -c -o "main.o" "../main.c"
../main.c: In function 'main':
../main.c:33: warning: unused variable 'pressed_key'
Finished building: ../main.c
 
Building target: GPIO_Keypad.elf
Invoking: AVR C Linker
avr-gcc -Wl,-Map,GPIO_Keypad.map -mmcu=atmega32 -o "GPIO_Keypad.elf"  ./lcd/lcd_alphanumeric_16x2.o  ./keypad/keypad4x4.o  ./Monitor/Monitor.o  ./main.o   
Finished building target: GPIO_Keypad.elf
 
Invoking: AVR Create Extended Listing
avr-objdump -h -S GPIO_Keypad.elf  >"GPIO_Keypad.lss"
Finished building: GPIO_Keypad.lss
 
Create Flash image (ihex format)
avr-objcopy -R .eeprom -R .fuse -R .lock -R .signature -O ihex GPIO_Keypad.elf  "GPIO_Keypad.hex"
Finished building: GPIO_Keypad.hex
 
Create eeprom image (ihex format)
avr-objcopy -j .eeprom --no-change-warnings --change-section-lma .eeprom=0 -O ihex GPIO_Keypad.elf  "GPIO_Keypad.eep"
Finished building: GPIO_Keypad.eep
 
Invoking: Print Size
avr-size --format=avr --mcu=atmega32 GPIO_Keypad.elf
AVR Memory Usage
----------------
Device: atmega32

Program:    5114 bytes (15.6% Full)
(.text + .data + .bootloader)

Data:         28 bytes (1.4% Full)
(.data + .bss + .noinit)


Finished building: sizedummy
 
