02:19:41 **** Incremental Build of configuration Release for project GPIO_Keypad ****
make all 
Building file: ../keypad/keypad4x4.c
Invoking: AVR Compiler
avr-gcc -Wall -Os -fpack-struct -fshort-enums -ffunction-sections -fdata-sections -std=gnu99 -funsigned-char -funsigned-bitfields -mmcu=atmega32 -DF_CPU=8000000UL -MMD -MP -MF"keypad/keypad4x4.d" -MT"keypad/keypad4x4.d" -c -o "keypad/keypad4x4.o" "../keypad/keypad4x4.c"
Finished building: ../keypad/keypad4x4.c
 
Building file: ../main.c
Invoking: AVR Compiler
avr-gcc -Wall -Os -fpack-struct -fshort-enums -ffunction-sections -fdata-sections -std=gnu99 -funsigned-char -funsigned-bitfields -mmcu=atmega32 -DF_CPU=8000000UL -MMD -MP -MF"main.d" -MT"main.d" -c -o "main.o" "../main.c"
../main.c: In function 'main':
../main.c:33: warning: unused variable 'pressed_key'
Finished building: ../main.c
 
Building target: GPIO_Keypad.elf
Invoking: AVR C Linker
avr-gcc -Wl,-Map,GPIO_Keypad.map -mmcu=atmega32 -o "GPIO_Keypad.elf"  ./lcd/lcd_alphanumeric_16x2.o  ./keypad/keypad4x4.o  ./Monitor/Monitor.o  ./main.o   
Finished building target: GPIO_Keypad.elf
 
Invoking: AVR Create Extended Listing
avr-objdump -h -S GPIO_Keypad.elf  >"GPIO_Keypad.lss"
Finished building: GPIO_Keypad.lss
 
Create Flash image (ihex format)
avr-objcopy -R .eeprom -R .fuse -R .lock -R .signature -O ihex GPIO_Keypad.elf  "GPIO_Keypad.hex"
Finished building: GPIO_Keypad.hex
 
Create eeprom image (ihex format)
avr-objcopy -j .eeprom --no-change-warnings --change-section-lma .eeprom=0 -O ihex GPIO_Keypad.elf  "GPIO_Keypad.eep"
Finished building: GPIO_Keypad.eep
 
Invoking: Print Size
avr-size --format=avr --mcu=atmega32 GPIO_Keypad.elf
AVR Memory Usage
----------------
Device: atmega32

Program:    5114 bytes (15.6% Full)
(.text + .data + .bootloader)

Data:         28 bytes (1.4% Full)
(.data + .bss + .noinit)


Finished building: sizedummy
 

02:19:41 Build Finished (took 585ms)

