08:00:27 **** Incremental Build of configuration Release for project GPIO_LCD ****
make all 
Building file: ../main.c
Invoking: AVR Compiler
avr-gcc -Wall -Os -fpack-struct -fshort-enums -ffunction-sections -fdata-sections -std=gnu99 -funsigned-char -funsigned-bitfields -mmcu=atmega32 -DF_CPU=8000000UL -MMD -MP -MF"main.d" -MT"main.d" -c -o "main.o" "../main.c"
Finished building: ../main.c
 
Building target: GPIO_LCD.elf
Invoking: AVR C Linker
avr-gcc -Wl,-Map,GPIO_LCD.map -mmcu=atmega32 -o "GPIO_LCD.elf"  ./lcd/lcd_alphanumeric_16x2.o  ./Monitor/Monitor.o  ./main.o   
Finished building target: GPIO_LCD.elf
 
Invoking: AVR Create Extended Listing
avr-objdump -h -S GPIO_LCD.elf  >"GPIO_LCD.lss"
Finished building: GPIO_LCD.lss
 
Create Flash image (ihex format)
avr-objcopy -R .eeprom -R .fuse -R .lock -R .signature -O ihex GPIO_LCD.elf  "GPIO_LCD.hex"
Finished building: GPIO_LCD.hex
 
Create eeprom image (ihex format)
avr-objcopy -j .eeprom --no-change-warnings --change-section-lma .eeprom=0 -O ihex GPIO_LCD.elf  "GPIO_LCD.eep"
Finished building: GPIO_LCD.eep
 
Invoking: Print Size
avr-size --format=avr --mcu=atmega32 GPIO_LCD.elf
AVR Memory Usage
----------------
Device: atmega32

Program:    4304 bytes (13.1% Full)
(.text + .data + .bootloader)

Data:         12 bytes (0.6% Full)
(.data + .bss + .noinit)


Finished building: sizedummy
 

08:00:28 Build Finished (took 537ms)

