18:35:49 **** Incremental Build of configuration Release for project PWM_Generation ****
make all 
Building file: ../main.c
Invoking: AVR Compiler
avr-gcc -Wall -Os -fpack-struct -fshort-enums -ffunction-sections -fdata-sections -std=gnu99 -funsigned-char -funsigned-bitfields -mmcu=atmega32 -DF_CPU=8000000UL -MMD -MP -MF"main.d" -MT"main.d" -c -o "main.o" "../main.c"
Finished building: ../main.c
 
Building target: PWM_Generation.elf
Invoking: AVR C Linker
avr-gcc -Wl,-Map,PWM_Generation.map -mmcu=atmega32 -o "PWM_Generation.elf"  ./main.o   
Finished building target: PWM_Generation.elf
 
Invoking: AVR Create Extended Listing
avr-objdump -h -S PWM_Generation.elf  >"PWM_Generation.lss"
Finished building: PWM_Generation.lss
 
Create Flash image (ihex format)
avr-objcopy -R .eeprom -R .fuse -R .lock -R .signature -O ihex PWM_Generation.elf  "PWM_Generation.hex"
Finished building: PWM_Generation.hex
 
Create eeprom image (ihex format)
avr-objcopy -j .eeprom --no-change-warnings --change-section-lma .eeprom=0 -O ihex PWM_Generation.elf  "PWM_Generation.eep"
Finished building: PWM_Generation.eep
 
Invoking: Print Size
avr-size --format=avr --mcu=atmega32 PWM_Generation.elf
AVR Memory Usage
----------------
Device: atmega32

Program:     188 bytes (0.6% Full)
(.text + .data + .bootloader)

Data:          0 bytes (0.0% Full)
(.data + .bss + .noinit)


Finished building: sizedummy
 

18:35:50 Build Finished (took 491ms)

