08:41:37 **** Incremental Build of configuration Release for project Square_Wave_Generation ****
make all 
Building file: ../main.c
Invoking: AVR Compiler
avr-gcc -Wall -Os -fpack-struct -fshort-enums -ffunction-sections -fdata-sections -std=gnu99 -funsigned-char -funsigned-bitfields -mmcu=atmega32 -DF_CPU=8000000UL -MMD -MP -MF"main.d" -MT"main.d" -c -o "main.o" "../main.c"
Finished building: ../main.c
 
Building target: Square_Wave_Generation.elf
Invoking: AVR C Linker
avr-gcc -Wl,-Map,Square_Wave_Generation.map -mmcu=atmega32 -o "Square_Wave_Generation.elf"  ./main.o   
Finished building target: Square_Wave_Generation.elf
 
Invoking: AVR Create Extended Listing
avr-objdump -h -S Square_Wave_Generation.elf  >"Square_Wave_Generation.lss"
Finished building: Square_Wave_Generation.lss
 
Create Flash image (ihex format)
avr-objcopy -R .eeprom -R .fuse -R .lock -R .signature -O ihex Square_Wave_Generation.elf  "Square_Wave_Generation.hex"
Finished building: Square_Wave_Generation.hex
 
Create eeprom image (ihex format)
avr-objcopy -j .eeprom --no-change-warnings --change-section-lma .eeprom=0 -O ihex Square_Wave_Generation.elf  "Square_Wave_Generation.eep"
Finished building: Square_Wave_Generation.eep
 
Invoking: Print Size
avr-size --format=avr --mcu=atmega32 Square_Wave_Generation.elf
AVR Memory Usage
----------------
Device: atmega32

Program:     136 bytes (0.4% Full)
(.text + .data + .bootloader)

Data:          0 bytes (0.0% Full)
(.data + .bss + .noinit)


Finished building: sizedummy
 

08:41:38 Build Finished (took 812ms)

